2026/04/01 12:42:20 [recon] runtime_config detected_cores=12 free_ram_gb=9.87 computed_workers=36 max_workers=36 env_override_used=false gomaxprocs=12
2026/04/01 12:42:20 [recon] starting server on :8080
2026/04/01 12:44:41 [scan] POST http://localhost:8000/api/recon/scans/101/status/ succeeded (200)
2026/04/01 12:44:41 [scan] starting subdomain discovery with streaming
2026/04/01 12:44:41 [scan] POST http://localhost:8000/api/recon/scans/101/logs/ succeeded (200)
2026/04/01 12:44:41 [recon] starting job: scan_id=101 target=https://www.surilpokharel.com.np/index.html
2026/04/01 12:44:44 [scan] cancelled scan 101
2026/04/01 12:44:48 [scan] POST http://localhost:8000/api/recon/scans/102/status/ succeeded (200)
2026/04/01 12:44:48 [scan] starting subdomain discovery with streaming
2026/04/01 12:44:48 [scan] POST http://localhost:8000/api/recon/scans/102/logs/ succeeded (200)
2026/04/01 12:44:48 [recon] starting job: scan_id=102 target=https://www.surilpokharel.com.np
2026/04/01 12:44:48 [recon] prepared 1 hosts, starting concurrent probing
2026/04/01 12:44:48 [recon] worker_pool targets=1 workers=36 config_workers=36 job_workers=0
2026/04/01 12:44:50 [scan] POST http://localhost:8000/api/recon/scans/101/ingest/subdomains/ succeeded (200)
2026/04/01 12:44:50 [scan] streamed subdomain: www.surilpokharel.com.np (alive=true)
2026/04/01 12:44:50 [recon] probing complete: 1 alive out of 1 subdomains
2026/04/01 12:44:50 [recon] saved 1 subdomains to data/user_1/scan_101_https___www.surilpokharel.com.np_index.html.json
2026/04/01 12:44:50 [recon] job finished: scan_id=101 target=https://www.surilpokharel.com.np/index.html subdomains=1 alive=1
2026/04/01 12:44:50 [scan] subdomain discovery complete: 1 total
2026/04/01 12:44:50 [scan] POST http://localhost:8000/api/recon/scans/101/logs/ succeeded (200)
2026/04/01 12:44:50 [scan] scan 101 cancelled before endpoint discovery
2026/04/01 12:44:50 [scan] POST http://localhost:8000/api/recon/scans/101/status/ returned 400: {"detail":"invalid status"}
2026/04/01 12:44:50 [scan] POST http://localhost:8000/api/recon/scans/101/logs/ succeeded (200)
2026/04/01 12:44:51 [recon] prepared 1 hosts, starting concurrent probing
2026/04/01 12:44:51 [recon] worker_pool targets=1 workers=36 config_workers=36 job_workers=0
2026/04/01 12:44:52 [scan] POST http://localhost:8000/api/recon/scans/102/ingest/subdomains/ succeeded (200)
2026/04/01 12:44:52 [scan] streamed subdomain: www.surilpokharel.com.np (alive=true)
2026/04/01 12:44:52 [recon] probing complete: 1 alive out of 1 subdomains
2026/04/01 12:44:52 [recon] saved 1 subdomains to data/user_1/scan_102_https___www.surilpokharel.com.np.json
2026/04/01 12:44:52 [recon] job finished: scan_id=102 target=https://www.surilpokharel.com.np subdomains=1 alive=1
2026/04/01 12:44:52 [scan] subdomain discovery complete: 1 total
2026/04/01 12:44:52 [scan] POST http://localhost:8000/api/recon/scans/102/logs/ succeeded (200)
2026/04/01 12:44:52 [scan] starting endpoint discovery with streaming
2026/04/01 12:44:52 [scan] POST http://localhost:8000/api/recon/scans/102/logs/ succeeded (200)
2026/04/01 12:44:52 [endpoints] loaded 1 subdomains from data/user_1/scan_102_https___www.surilpokharel.com.np.json
2026/04/01 12:44:52 [endpoints] starting dynamic discovery for 1 alive hosts
2026/04/01 12:44:52 [discovery] starting dynamic discovery for 1 hosts
2026/04/01 12:44:52 [discovery] discovering URLs for www.surilpokharel.com.np
2026/04/01 12:44:52 [scan] POST http://localhost:8000/api/recon/scans/102/logs/ succeeded (200)
2026/04/01 12:44:52 [discovery] katana error for https://www.surilpokharel.com.np: exit status 2 (stderr: )
2026/04/01 12:44:52 [scan] POST http://localhost:8000/api/recon/scans/102/logs/ succeeded (200)
2026/04/01 12:45:52 [discovery] gau error for www.surilpokharel.com.np: signal: killed (stderr: time="2026-04-01T12:44:52+05:45" level=warning msg="error reading config: Config file /home/aaila/.gau.toml not found, using default config"
)
2026/04/01 12:45:52 [scan] POST http://localhost:8000/api/recon/scans/102/logs/ succeeded (200)
2026/04/01 12:45:52 [discovery] JS analysis handled by katana for www.surilpokharel.com.np
2026/04/01 12:45:52 [discovery] collected 0 raw URLs, normalizing and deduplicating
2026/04/01 12:45:52 [scan] POST http://localhost:8000/api/recon/scans/102/logs/ succeeded (200)
2026/04/01 12:45:52 [discovery] final URL count: 0
2026/04/01 12:45:52 [endpoints] no URLs discovered, falling back to basic paths
2026/04/01 12:45:52 [scan] POST http://localhost:8000/api/recon/scans/102/logs/ succeeded (200)
2026/04/01 12:45:52 [endpoints] discovered 2 unique URLs, starting probing
2026/04/01 12:45:52 [scan] POST http://localhost:8000/api/recon/scans/102/logs/ succeeded (200)
2026/04/01 12:45:53 [scan] cancelled scan 102
2026/04/01 12:45:54 [scan] POST http://localhost:8000/api/recon/scans/102/ingest/endpoints/ succeeded (200)
2026/04/01 12:45:54 [scan] streamed endpoint: https://www.surilpokharel.com.np/ (status=200)
2026/04/01 12:45:54 [scan] POST http://localhost:8000/api/recon/scans/102/ingest/endpoints/ succeeded (200)
2026/04/01 12:45:54 [scan] streamed endpoint: https://www.surilpokharel.com.np/ (status=200)
2026/04/01 12:45:54 [endpoints] httpx found 2 results
2026/04/01 12:45:54 [endpoints] probing complete: 2 endpoints responding
2026/04/01 12:45:54 [scan] POST http://localhost:8000/api/recon/scans/102/logs/ succeeded (200)
2026/04/01 12:45:54 [scan] endpoint discovery complete: 2 total
2026/04/01 12:45:54 [network] starting network analysis for scan 102
2026/04/01 12:45:54 [scan] scan 102 cancelled before network analysis
2026/04/01 12:45:54 [scan] POST http://localhost:8000/api/recon/scans/102/status/ returned 400: {"detail":"invalid status"}
2026/04/01 12:45:54 [scan] POST http://localhost:8000/api/recon/scans/102/logs/ succeeded (200)
2026/04/01 12:45:56 [scan] POST http://localhost:8000/api/recon/scans/103/status/ succeeded (200)
2026/04/01 12:45:56 [scan] starting subdomain discovery with streaming
2026/04/01 12:45:56 [scan] POST http://localhost:8000/api/recon/scans/103/logs/ succeeded (200)
2026/04/01 12:45:56 [recon] starting job: scan_id=103 target=surilpokharel.com.np
2026/04/01 12:46:18 [recon] prepared 14 hosts, starting concurrent probing
2026/04/01 12:46:18 [recon] worker_pool targets=14 workers=36 config_workers=36 job_workers=0
2026/04/01 12:46:18 [scan] POST http://localhost:8000/api/recon/scans/103/ingest/subdomains/ succeeded (200)
2026/04/01 12:46:18 [scan] streamed subdomain: www.phpmyadmin.surilpokharel.com.np (alive=false)
2026/04/01 12:46:18 [scan] POST http://localhost:8000/api/recon/scans/103/ingest/subdomains/ succeeded (200)
2026/04/01 12:46:18 [scan] streamed subdomain: wise.surilpokharel.com.np (alive=false)
2026/04/01 12:46:18 [scan] POST http://localhost:8000/api/recon/scans/103/ingest/subdomains/ succeeded (200)
2026/04/01 12:46:18 [scan] streamed subdomain: www.sitemap.surilpokharel.com.np (alive=false)
2026/04/01 12:46:18 [scan] POST http://localhost:8000/api/recon/scans/103/ingest/subdomains/ succeeded (200)
2026/04/01 12:46:18 [scan] streamed subdomain: www.flowiseai.surilpokharel.com.np (alive=false)
2026/04/01 12:46:18 [scan] POST http://localhost:8000/api/recon/scans/103/ingest/subdomains/ succeeded (200)
2026/04/01 12:46:18 [scan] streamed subdomain: flow.surilpokharel.com.np (alive=false)
2026/04/01 12:46:18 [scan] POST http://localhost:8000/api/recon/scans/103/ingest/subdomains/ succeeded (200)
2026/04/01 12:46:18 [scan] streamed subdomain: f087b892-2321-4285-9275-b6d53c087a0e.surilpokharel.com.np (alive=false)
2026/04/01 12:46:18 [scan] POST http://localhost:8000/api/recon/scans/103/ingest/subdomains/ succeeded (200)
2026/04/01 12:46:18 [scan] streamed subdomain: phpmyadmin.surilpokharel.com.np (alive=false)
2026/04/01 12:46:18 [scan] POST http://localhost:8000/api/recon/scans/103/ingest/subdomains/ succeeded (200)
2026/04/01 12:46:18 [scan] streamed subdomain: flowiseai.surilpokharel.com.np (alive=false)
2026/04/01 12:46:18 [scan] POST http://localhost:8000/api/recon/scans/103/ingest/subdomains/ succeeded (200)
2026/04/01 12:46:18 [scan] POST http://localhost:8000/api/recon/scans/103/ingest/subdomains/ succeeded (200)
2026/04/01 12:46:18 [scan] streamed subdomain: sitemap.surilpokharel.com.np (alive=false)
2026/04/01 12:46:18 [scan] streamed subdomain: www.wise.surilpokharel.com.np (alive=false)
2026/04/01 12:46:18 [scan] POST http://localhost:8000/api/recon/scans/103/ingest/subdomains/ succeeded (200)
2026/04/01 12:46:18 [scan] streamed subdomain: sitemaps.surilpokharel.com.np (alive=false)
2026/04/01 12:46:18 [scan] POST http://localhost:8000/api/recon/scans/103/ingest/subdomains/ succeeded (200)
2026/04/01 12:46:18 [scan] streamed subdomain: www.www.phpmyadmin.surilpokharel.com.np (alive=false)
2026/04/01 12:46:18 [scan] POST http://localhost:8000/api/recon/scans/103/ingest/subdomains/ succeeded (200)
2026/04/01 12:46:18 [scan] streamed subdomain: m.surilpokharel.com.np (alive=false)
2026/04/01 12:46:19 [scan] POST http://localhost:8000/api/recon/scans/103/ingest/subdomains/ succeeded (200)
2026/04/01 12:46:19 [scan] streamed subdomain: surilpokharel.com.np (alive=true)
2026/04/01 12:46:19 [recon] probing complete: 1 alive out of 14 subdomains
2026/04/01 12:46:19 [recon] saved 14 subdomains to data/user_1/scan_103_surilpokharel.com.np.json
2026/04/01 12:46:19 [recon] job finished: scan_id=103 target=surilpokharel.com.np subdomains=14 alive=1
2026/04/01 12:46:19 [scan] subdomain discovery complete: 14 total
2026/04/01 12:46:19 [scan] POST http://localhost:8000/api/recon/scans/103/logs/ succeeded (200)
2026/04/01 12:46:19 [scan] starting endpoint discovery with streaming
2026/04/01 12:46:19 [scan] POST http://localhost:8000/api/recon/scans/103/logs/ succeeded (200)
2026/04/01 12:46:19 [endpoints] loaded 14 subdomains from data/user_1/scan_103_surilpokharel.com.np.json
2026/04/01 12:46:19 [endpoints] starting dynamic discovery for 1 alive hosts
2026/04/01 12:46:19 [discovery] starting dynamic discovery for 1 hosts
2026/04/01 12:46:19 [discovery] discovering URLs for surilpokharel.com.np
2026/04/01 12:46:19 [scan] POST http://localhost:8000/api/recon/scans/103/logs/ succeeded (200)
2026/04/01 12:46:19 [discovery] katana error for https://surilpokharel.com.np: exit status 2 (stderr: )
2026/04/01 12:46:19 [scan] POST http://localhost:8000/api/recon/scans/103/logs/ succeeded (200)
2026/04/01 12:46:54 [discovery] gau found 5 URLs for surilpokharel.com.np
2026/04/01 12:46:54 [scan] POST http://localhost:8000/api/recon/scans/103/logs/ succeeded (200)
2026/04/01 12:46:54 [discovery] JS analysis handled by katana for surilpokharel.com.np
2026/04/01 12:46:54 [discovery] collected 5 raw URLs, normalizing and deduplicating
2026/04/01 12:46:54 [scan] POST http://localhost:8000/api/recon/scans/103/logs/ succeeded (200)
2026/04/01 12:46:54 [discovery] final URL count: 5
2026/04/01 12:46:54 [scan] POST http://localhost:8000/api/recon/scans/103/logs/ succeeded (200)
2026/04/01 12:46:54 [endpoints] discovered 5 unique URLs, starting probing
2026/04/01 12:46:54 [scan] POST http://localhost:8000/api/recon/scans/103/logs/ succeeded (200)
2026/04/01 12:46:55 [scan] POST http://localhost:8000/api/recon/scans/103/ingest/endpoints/ succeeded (200)
2026/04/01 12:46:55 [scan] streamed endpoint: https://surilpokharel.com.np/?i=1 (status=301)
2026/04/01 12:46:55 [scan] POST http://localhost:8000/api/recon/scans/103/ingest/endpoints/ succeeded (200)
2026/04/01 12:46:55 [scan] streamed endpoint: https://surilpokharel.com.np/ (status=301)
2026/04/01 12:46:55 [scan] POST http://localhost:8000/api/recon/scans/103/ingest/endpoints/ succeeded (200)
2026/04/01 12:46:55 [scan] streamed endpoint: https://surilpokharel.com.np/robots.txt (status=301)
2026/04/01 12:46:55 [scan] POST http://localhost:8000/api/recon/scans/103/ingest/endpoints/ succeeded (200)
2026/04/01 12:46:55 [scan] streamed endpoint: https://surilpokharel.com.np/aes.js (status=301)
2026/04/01 12:46:55 [scan] POST http://localhost:8000/api/recon/scans/103/ingest/endpoints/ succeeded (200)
2026/04/01 12:46:55 [scan] streamed endpoint: https://surilpokharel.com.np/favicon.ico (status=301)
2026/04/01 12:46:55 [endpoints] httpx found 5 results
2026/04/01 12:46:55 [endpoints] probing complete: 5 endpoints responding
2026/04/01 12:46:55 [scan] POST http://localhost:8000/api/recon/scans/103/logs/ succeeded (200)
2026/04/01 12:46:55 [scan] endpoint discovery complete: 5 total
2026/04/01 12:46:55 [network] starting network analysis for scan 103
2026/04/01 12:46:55 [network] analyzing 1 hosts
2026/04/01 12:46:55 [scan] POST http://localhost:8000/api/recon/scans/103/logs/ succeeded (200)
2026/04/01 12:46:55 [network] analyzing host: surilpokharel.com.np
2026/04/01 12:47:11 [network] found 4 open ports on surilpokharel.com.np
2026/04/01 12:47:11 [scan] POST http://localhost:8000/api/recon/scans/103/network/ports/ingest/ succeeded (200)
2026/04/01 12:47:13 [network] TLS check for surilpokharel.com.np: HTTPS=true, issues=2
2026/04/01 12:47:13 [scan] POST http://localhost:8000/api/recon/scans/103/network/tls/ingest/ succeeded (200)
2026/04/01 12:47:26 [scan] POST http://localhost:8000/api/recon/scans/103/logs/ succeeded (200)
2026/04/01 12:47:26 [scan] POST http://localhost:8000/api/recon/scans/103/status/ succeeded (200)
2026/04/01 12:47:26 [scan] POST http://localhost:8000/api/recon/scans/103/logs/ succeeded (200)
2026/04/01 12:56:47 [scan] POST http://localhost:8000/api/recon/scans/104/status/ succeeded (200)
2026/04/01 12:56:47 [scan] starting subdomain discovery with streaming
2026/04/01 12:56:47 [scan] POST http://localhost:8000/api/recon/scans/104/logs/ succeeded (200)
2026/04/01 12:56:47 [recon] starting job: scan_id=104 target=surilpokharel.com.np
2026/04/01 12:56:50 [recon] prepared 14 hosts, starting concurrent probing
2026/04/01 12:56:50 [recon] worker_pool targets=14 workers=36 config_workers=36 job_workers=0
2026/04/01 12:56:50 [scan] POST http://localhost:8000/api/recon/scans/104/ingest/subdomains/ succeeded (200)
2026/04/01 12:56:50 [scan] streamed subdomain: www.phpmyadmin.surilpokharel.com.np (alive=false)
2026/04/01 12:56:50 [scan] POST http://localhost:8000/api/recon/scans/104/ingest/subdomains/ succeeded (200)
2026/04/01 12:56:50 [scan] streamed subdomain: wise.surilpokharel.com.np (alive=false)
2026/04/01 12:56:50 [scan] POST http://localhost:8000/api/recon/scans/104/ingest/subdomains/ succeeded (200)
2026/04/01 12:56:50 [scan] streamed subdomain: www.flowiseai.surilpokharel.com.np (alive=false)
2026/04/01 12:56:50 [scan] POST http://localhost:8000/api/recon/scans/104/ingest/subdomains/ succeeded (200)
2026/04/01 12:56:50 [scan] streamed subdomain: m.surilpokharel.com.np (alive=false)
2026/04/01 12:56:50 [scan] POST http://localhost:8000/api/recon/scans/104/ingest/subdomains/ succeeded (200)
2026/04/01 12:56:50 [scan] streamed subdomain: flowiseai.surilpokharel.com.np (alive=false)
2026/04/01 12:56:50 [scan] POST http://localhost:8000/api/recon/scans/104/ingest/subdomains/ succeeded (200)
2026/04/01 12:56:50 [scan] streamed subdomain: www.wise.surilpokharel.com.np (alive=false)
2026/04/01 12:56:50 [scan] POST http://localhost:8000/api/recon/scans/104/ingest/subdomains/ succeeded (200)
2026/04/01 12:56:50 [scan] streamed subdomain: www.www.phpmyadmin.surilpokharel.com.np (alive=false)
2026/04/01 12:56:51 [scan] POST http://localhost:8000/api/recon/scans/104/ingest/subdomains/ succeeded (200)
2026/04/01 12:56:51 [scan] streamed subdomain: flow.surilpokharel.com.np (alive=false)
2026/04/01 12:56:51 [scan] POST http://localhost:8000/api/recon/scans/104/ingest/subdomains/ succeeded (200)
2026/04/01 12:56:51 [scan] streamed subdomain: f087b892-2321-4285-9275-b6d53c087a0e.surilpokharel.com.np (alive=false)
2026/04/01 12:56:51 [scan] POST http://localhost:8000/api/recon/scans/104/ingest/subdomains/ succeeded (200)
2026/04/01 12:56:51 [scan] streamed subdomain: sitemap.surilpokharel.com.np (alive=false)
2026/04/01 12:56:51 [scan] POST http://localhost:8000/api/recon/scans/104/ingest/subdomains/ succeeded (200)
2026/04/01 12:56:51 [scan] streamed subdomain: phpmyadmin.surilpokharel.com.np (alive=false)
2026/04/01 12:56:51 [scan] POST http://localhost:8000/api/recon/scans/104/ingest/subdomains/ succeeded (200)
2026/04/01 12:56:51 [scan] streamed subdomain: sitemaps.surilpokharel.com.np (alive=false)
2026/04/01 12:56:51 [scan] POST http://localhost:8000/api/recon/scans/104/ingest/subdomains/ succeeded (200)
2026/04/01 12:56:51 [scan] streamed subdomain: www.sitemap.surilpokharel.com.np (alive=false)
2026/04/01 12:56:52 [scan] POST http://localhost:8000/api/recon/scans/104/ingest/subdomains/ succeeded (200)
2026/04/01 12:56:52 [scan] streamed subdomain: surilpokharel.com.np (alive=true)
2026/04/01 12:56:52 [recon] probing complete: 1 alive out of 14 subdomains
2026/04/01 12:56:52 [recon] saved 14 subdomains to data/user_11/scan_104_surilpokharel.com.np.json
2026/04/01 12:56:52 [recon] job finished: scan_id=104 target=surilpokharel.com.np subdomains=14 alive=1
2026/04/01 12:56:52 [scan] subdomain discovery complete: 14 total
2026/04/01 12:56:52 [scan] POST http://localhost:8000/api/recon/scans/104/logs/ succeeded (200)
2026/04/01 12:56:52 [scan] starting endpoint discovery with streaming
2026/04/01 12:56:52 [scan] POST http://localhost:8000/api/recon/scans/104/logs/ succeeded (200)
2026/04/01 12:56:52 [endpoints] loaded 14 subdomains from data/user_11/scan_104_surilpokharel.com.np.json
2026/04/01 12:56:52 [endpoints] starting dynamic discovery for 1 alive hosts
2026/04/01 12:56:52 [discovery] starting dynamic discovery for 1 hosts
2026/04/01 12:56:52 [discovery] discovering URLs for surilpokharel.com.np
2026/04/01 12:56:52 [scan] POST http://localhost:8000/api/recon/scans/104/logs/ succeeded (200)
2026/04/01 12:56:52 [discovery] katana error for https://surilpokharel.com.np: exit status 2 (stderr: )
2026/04/01 12:56:52 [scan] POST http://localhost:8000/api/recon/scans/104/logs/ succeeded (200)
2026/04/01 12:57:22 [discovery] gau found 5 URLs for surilpokharel.com.np
2026/04/01 12:57:22 [scan] POST http://localhost:8000/api/recon/scans/104/logs/ succeeded (200)
2026/04/01 12:57:22 [discovery] JS analysis handled by katana for surilpokharel.com.np
2026/04/01 12:57:22 [discovery] collected 5 raw URLs, normalizing and deduplicating
2026/04/01 12:57:22 [scan] POST http://localhost:8000/api/recon/scans/104/logs/ succeeded (200)
2026/04/01 12:57:22 [discovery] final URL count: 5
2026/04/01 12:57:22 [scan] POST http://localhost:8000/api/recon/scans/104/logs/ succeeded (200)
2026/04/01 12:57:22 [endpoints] discovered 5 unique URLs, starting probing
2026/04/01 12:57:22 [scan] POST http://localhost:8000/api/recon/scans/104/logs/ succeeded (200)
2026/04/01 12:57:24 [scan] POST http://localhost:8000/api/recon/scans/104/ingest/endpoints/ succeeded (200)
2026/04/01 12:57:24 [scan] streamed endpoint: https://surilpokharel.com.np/favicon.ico (status=301)
2026/04/01 12:57:24 [scan] POST http://localhost:8000/api/recon/scans/104/ingest/endpoints/ succeeded (200)
2026/04/01 12:57:24 [scan] streamed endpoint: https://surilpokharel.com.np/?i=1 (status=301)
2026/04/01 12:57:24 [scan] POST http://localhost:8000/api/recon/scans/104/ingest/endpoints/ succeeded (200)
2026/04/01 12:57:24 [scan] streamed endpoint: https://surilpokharel.com.np/ (status=301)
2026/04/01 12:57:24 [scan] POST http://localhost:8000/api/recon/scans/104/ingest/endpoints/ succeeded (200)
2026/04/01 12:57:24 [scan] streamed endpoint: https://surilpokharel.com.np/robots.txt (status=301)
2026/04/01 12:57:24 [scan] POST http://localhost:8000/api/recon/scans/104/ingest/endpoints/ succeeded (200)
2026/04/01 12:57:24 [scan] streamed endpoint: https://surilpokharel.com.np/aes.js (status=301)
2026/04/01 12:57:24 [endpoints] httpx found 5 results
2026/04/01 12:57:24 [endpoints] probing complete: 5 endpoints responding
2026/04/01 12:57:24 [scan] POST http://localhost:8000/api/recon/scans/104/logs/ succeeded (200)
2026/04/01 12:57:24 [scan] endpoint discovery complete: 5 total
2026/04/01 12:57:24 [network] starting network analysis for scan 104
2026/04/01 12:57:24 [network] analyzing 1 hosts
2026/04/01 12:57:24 [scan] POST http://localhost:8000/api/recon/scans/104/logs/ succeeded (200)
2026/04/01 12:57:24 [network] analyzing host: surilpokharel.com.np
2026/04/01 12:57:40 [network] found 4 open ports on surilpokharel.com.np
2026/04/01 12:57:40 [scan] POST http://localhost:8000/api/recon/scans/104/network/ports/ingest/ succeeded (200)
2026/04/01 12:57:42 [network] TLS check for surilpokharel.com.np: HTTPS=true, issues=2
2026/04/01 12:57:42 [scan] POST http://localhost:8000/api/recon/scans/104/network/tls/ingest/ succeeded (200)
2026/04/01 12:57:49 [scan] POST http://localhost:8000/api/recon/scans/104/logs/ succeeded (200)
2026/04/01 12:57:49 [scan] POST http://localhost:8000/api/recon/scans/104/status/ succeeded (200)
2026/04/01 12:57:49 [scan] POST http://localhost:8000/api/recon/scans/104/logs/ succeeded (200)
